TN:
SF:components/login-form.tsx
FN:13,LoginForm
FN:19,(anonymous_1)
FN:50,(anonymous_2)
FN:63,(anonymous_3)
FNF:4
FNH:4
FNDA:7,LoginForm
FNDA:2,(anonymous_1)
FNDA:1,(anonymous_2)
FNDA:1,(anonymous_3)
DA:14,7
DA:15,7
DA:16,7
DA:17,7
DA:19,7
DA:20,2
DA:21,2
DA:23,2
DA:24,1
DA:25,1
DA:28,1
DA:29,1
DA:30,1
DA:34,7
DA:50,1
DA:63,1
LF:16
LH:16
BRDA:23,0,0,1
BRDA:23,0,1,1
BRDA:23,1,0,2
BRDA:23,1,1,1
BRDA:29,2,0,1
BRDA:29,2,1,0
BRDA:36,3,0,7
BRDA:36,3,1,2
BRDA:70,4,0,0
BRDA:70,4,1,7
BRF:10
BRH:8
end_of_record
